

                             _   _
                            (_) | |
      __ _   _ __   __   __  _  | |
     / _` | | '_ \  \ \ / / | | | |
    | (_| | | | | |  \ V /  | | | |
     \__,_| |_| |_|   \_/   |_| |_|

    1.4.3-stable (fa9f934bda 2025-10-22T05:31:43.173937269Z)
    https://github.com/foundry-rs/foundry

Available Accounts
==================

(0) 0xf39Fd6e51aad88F6F4ce6aB8827279cffFb92266 (10000.000000000000000000 ETH)
(1) 0x70997970C51812dc3A010C7d01b50e0d17dc79C8 (10000.000000000000000000 ETH)
(2) 0x3C44CdDdB6a900fa2b585dd299e03d12FA4293BC (10000.000000000000000000 ETH)
(3) 0x90F79bf6EB2c4f870365E785982E1f101E93b906 (10000.000000000000000000 ETH)
(4) 0x15d34AAf54267DB7D7c367839AAf71A00a2C6A65 (10000.000000000000000000 ETH)
(5) 0x9965507D1a55bcC2695C58ba16FB37d819B0A4dc (10000.000000000000000000 ETH)
(6) 0x976EA74026E726554dB657fA54763abd0C3a0aa9 (10000.000000000000000000 ETH)
(7) 0x14dC79964da2C08b23698B3D3cc7Ca32193d9955 (10000.000000000000000000 ETH)
(8) 0x23618e81E3f5cdF7f54C3d65f7FBc0aBf5B21E8f (10000.000000000000000000 ETH)
(9) 0xa0Ee7A142d267C1f36714E4a8F75612F20a79720 (10000.000000000000000000 ETH)

Private Keys
==================

(0) 0xac0974bec39a17e36ba4a6b4d238ff944bacb478cbed5efcae784d7bf4f2ff80
(1) 0x59c6995e998f97a5a0044966f0945389dc9e86dae88c7a8412f4603b6b78690d
(2) 0x5de4111afa1a4b94908f83103eb1f1706367c2e68ca870fc3fb9a804cdab365a
(3) 0x7c852118294e51e653712a81e05800f419141751be58f605c371e15141b007a6
(4) 0x47e179ec197488593b187f80a00eb0da91f1b9d0b13f8733639f19c30a34926a
(5) 0x8b3a350cf5c34c9194ca85829a2df0ec3153be0318b5e2d3348e872092edffba
(6) 0x92db14e403b83dfe3df233f83dfa3a0d7096f21ca9b0d6d6b8d88b2b4ec1564e
(7) 0x4bbbf85ce3377467afe5d46f804f221813b2bb87f24d81f60f1fcdbf7cbf4356
(8) 0xdbda1821b80551c9d65939329250298aa3472ba22feea921c0cf5d620ea67b97
(9) 0x2a871d0798f97d79848a013d4936a73bf4cc922c825d33c1cf7073dff6d409c6

Wallet
==================
Mnemonic:          test test test test test test test test test test test junk
Derivation path:   m/44'/60'/0'/0/


Fork
==================
Endpoint:       https://eth-mainnet.g.alchemy.com/v2/RBCHdCUROomscVSMZQeNX9H2MXBknXkQ
Block number:   23723189
Block hash:     0x2e44da1d99a2813cd94813e60ca38dd16c528074831394551f2a63851dfbcf8a
Chain ID:       1

Base Fee
==================

161706230

Gas Limit
==================

44956056

Genesis Timestamp
==================

1762225507

Genesis Number
==================

0

Listening on 127.0.0.1:8545
eth_chainId
eth_chainId
eth_chainId
eth_chainId
eth_estimateGas

RPC request failed:
    Request: EthEstimateGas(WithOtherFields { inner: TransactionRequest { from: Some(0xc7fe72ededb480779ba05a0a7f8089db1a57e89c), to: Some(Call(0x70ad58497fc677713bb7a5b94e22eb038fd06862)), gas_price: None, max_fee_per_gas: None, max_priority_fee_per_gas: None, max_fee_per_blob_gas: None, gas: None, value: Some(100), input: TransactionInput { input: None, data: Some(0x574f2ba3) }, nonce: None, chain_id: None, access_list: None, transaction_type: None, blob_versioned_hashes: None, sidecar: None, authorization_list: None }, other: OtherFields {} }, None, None, None)
    Error: Transaction rejected: Insufficient funds for gas * price + value

eth_chainId
eth_chainId
eth_chainId
eth_chainId
eth_chainId
eth_chainId
eth_estimateGas

RPC request failed:
    Request: EthEstimateGas(WithOtherFields { inner: TransactionRequest { from: Some(0x9a9216cad0c378818988b0dfdc63179a84acf080), to: Some(Call(0x70ad58497fc677713bb7a5b94e22eb038fd06862)), gas_price: None, max_fee_per_gas: None, max_priority_fee_per_gas: None, max_fee_per_blob_gas: None, gas: Some(100000000), value: Some(100), input: TransactionInput { input: None, data: Some(0xad5c4648) }, nonce: None, chain_id: None, access_list: None, transaction_type: None, blob_versioned_hashes: None, sidecar: None, authorization_list: None }, other: OtherFields {} }, None, None, None)
    Error: Transaction rejected: Insufficient funds for gas * price + value

eth_chainId
eth_chainId
eth_chainId
eth_chainId
eth_chainId
eth_estimateGas

RPC request failed:
    Request: EthEstimateGas(WithOtherFields { inner: TransactionRequest { from: Some(0xbaf4b25ac027ad45df9212e135d565eb169c4ae2), to: Some(Call(0x70ad58497fc677713bb7a5b94e22eb038fd06862)), gas_price: None, max_fee_per_gas: None, max_priority_fee_per_gas: None, max_fee_per_blob_gas: None, gas: Some(100000000), value: Some(100), input: TransactionInput { input: None, data: Some(0x074b2e43) }, nonce: None, chain_id: None, access_list: None, transaction_type: None, blob_versioned_hashes: None, sidecar: None, authorization_list: None }, other: OtherFields {} }, None, None, None)
    Error: Transaction rejected: Insufficient funds for gas * price + value

eth_chainId
eth_chainId
eth_estimateGas

RPC request failed:
    Request: EthEstimateGas(WithOtherFields { inner: TransactionRequest { from: Some(0x247cb04c1199ce4fc1a376c3a2d9b7f9f0473409), to: Some(Call(0x70ad58497fc677713bb7a5b94e22eb038fd06862)), gas_price: None, max_fee_per_gas: None, max_priority_fee_per_gas: None, max_fee_per_blob_gas: None, gas: Some(100000000), value: Some(100), input: TransactionInput { input: None, data: Some(0x074b2e43) }, nonce: None, chain_id: None, access_list: None, transaction_type: None, blob_versioned_hashes: None, sidecar: None, authorization_list: None }, other: OtherFields {} }, None, None, None)
    Error: Transaction rejected: Insufficient funds for gas * price + value

eth_chainId
eth_chainId
