2026-01-14T13:39:11.356Z	system	switch	...
2026-01-14T13:39:11.375Z	system	get	L_I_S_...
2026-01-14T13:39:23.634Z	system	get	S_A_F_...
2026-01-14T13:39:40.724Z	system	get	L_I_S_...
2026-01-14T13:39:41.487Z	system	get	L_I_S_...
2026-01-14T13:39:41.670Z	system	get	L_I_S_...
2026-01-14T13:39:41.841Z	system	get	L_I_S_...
2026-01-14T13:39:41.991Z	system	get	L_I_S_...
2026-01-14T14:29:58.487Z	system	switch	...
2026-01-14T14:29:58.507Z	system	get	L_I_S_...
2026-01-15T00:50:00.486Z	system	switch	...
2026-01-15T00:50:00.505Z	system	get	L_I_S_...
2026-01-15T00:50:16.632Z	system	get	S_A_F_...
2026-01-15T00:50:29.552Z	system	get	L_I_S_...
2026-01-15T00:50:30.092Z	system	get	L_I_S_...
2026-01-15T00:50:39.933Z	system	get	L_I_S_...
2026-01-15T00:50:40.419Z	system	get	L_I_S_...
2026-01-15T00:50:40.633Z	system	get	L_I_S_...
2026-01-15T00:50:40.809Z	system	get	L_I_S_...
2026-01-15T00:50:40.963Z	system	get	L_I_S_...
2026-01-15T00:50:41.179Z	system	get	L_I_S_...
2026-01-15T00:51:04.132Z	system	get	L_I_S_...
2026-01-15T00:51:04.699Z	system	get	L_I_S_...
2026-01-15T00:51:51.820Z	system	get	L_I_S_...
2026-01-15T00:51:54.398Z	system	get	S_A_F_...
2026-01-15T00:52:00.926Z	system	get	L_I_S_...
2026-01-15T00:52:01.413Z	system	get	L_I_S_...
2026-01-15T00:53:13.679Z	system	get	S_A_F_...
2026-01-15T00:53:23.864Z	system	get	S_A_F_...
2026-01-15T00:56:45.085Z	system	get	S_A_F_...
2026-01-15T07:21:46.574Z	system	switch	...
2026-01-15T07:21:46.579Z	system	list	A_L_L_...
2026-01-15T07:21:57.756Z	system	get	S_A_F_...
2026-01-15T07:24:53.449Z	memory	switch	...
2026-01-15T07:24:53.450Z	memory	list	A_L_L_...
2026-01-15T07:24:53.918Z	memory	switch	...
2026-01-15T07:24:53.919Z	memory	list	A_L_L_...
2026-01-15T07:24:54.103Z	memory	switch	...
2026-01-15T07:24:54.105Z	memory	list	A_L_L_...
2026-01-15T07:24:54.281Z	memory	switch	...
2026-01-15T07:24:54.283Z	memory	list	A_L_L_...
2026-01-15T09:42:36.762Z	system	switch	...
2026-01-15T09:42:36.767Z	system	list	A_L_L_...
2026-01-15T09:42:40.374Z	system	get	S_A_F_...
2026-01-15T09:43:16.952Z	memory	switch	...
2026-01-15T09:43:16.953Z	memory	list	A_L_L_...
2026-01-15T09:43:31.264Z	system	switch	...
2026-01-15T09:43:31.279Z	system	switch	...
2026-01-15T09:43:31.282Z	system	list	A_L_L_...
2026-01-15T09:43:31.290Z	memory	switch	...
2026-01-15T09:43:31.291Z	memory	list	A_L_L_...
2026-01-15T09:43:36.032Z	file	switch	...
2026-01-15T09:43:36.041Z	file	switch	...
2026-01-15T09:43:36.042Z	file	list	A_L_L_...
2026-01-15T09:43:36.056Z	memory	switch	...
2026-01-15T09:43:36.059Z	memory	list	A_L_L_...
2026-01-15T09:43:39.119Z	memory	switch	...
2026-01-15T09:43:39.121Z	memory	list	A_L_L_...
2026-01-15T09:43:39.722Z	memory	switch	...
2026-01-15T09:43:39.723Z	memory	list	A_L_L_...
2026-01-15T09:43:39.967Z	memory	switch	...
2026-01-15T09:43:39.969Z	memory	list	A_L_L_...
2026-01-15T18:48:43.949Z	system	switch	...
2026-01-15T18:48:43.953Z	system	list	A_L_L_...
2026-01-15T18:49:03.907Z	file	switch	...
2026-01-15T18:49:03.918Z	file	switch	...
2026-01-15T18:49:03.919Z	file	list	A_L_L_...
2026-01-15T18:49:03.936Z	memory	switch	...
2026-01-15T18:49:03.937Z	memory	list	A_L_L_...
2026-01-15T18:49:06.697Z	memory	switch	...
2026-01-15T18:49:06.698Z	memory	list	A_L_L_...
2026-01-15T18:49:20.820Z	file	switch	...
2026-01-15T18:49:20.829Z	file	switch	...
2026-01-15T18:49:20.830Z	file	list	A_L_L_...
2026-01-15T18:49:20.837Z	memory	switch	...
2026-01-15T18:49:20.837Z	memory	list	A_L_L_...
2026-01-15T18:50:24.389Z	memory	set	L_I_C_...
2026-01-15T18:50:24.399Z	memory	switch	...
2026-01-15T18:50:24.400Z	memory	list	A_L_L_...
2026-01-15T18:50:24.410Z	memory	switch	...
2026-01-15T18:50:24.410Z	memory	list	A_L_L_...
2026-01-15T18:51:09.400Z	memory	get	L_I_C_...
2026-01-15T20:02:37.340Z	system	switch	...
2026-01-15T20:02:37.345Z	system	list	A_L_L_...
2026-01-15T20:04:29.268Z	system	switch	...
2026-01-15T20:04:29.272Z	system	list	A_L_L_...
2026-01-15T20:04:35.806Z	system	get	S_A_F_...
2026-01-15T20:04:42.004Z	system	list	A_L_L_...
2026-01-15T20:04:47.562Z	system	list	A_L_L_...
2026-01-15T20:04:55.103Z	system	switch	...
2026-01-15T20:04:55.120Z	system	switch	...
2026-01-15T20:04:55.123Z	system	list	A_L_L_...
2026-01-15T20:04:55.138Z	system	switch	...
2026-01-15T20:04:55.142Z	system	list	A_L_L_...
2026-01-15T20:05:14.482Z	system	set	T_E_S_...
2026-01-15T20:05:14.519Z	system	switch	...
2026-01-15T20:05:14.523Z	system	list	A_L_L_...
2026-01-15T20:05:14.543Z	system	switch	...
2026-01-15T20:05:14.550Z	system	list	A_L_L_...
2026-01-15T20:05:29.349Z	system	get	T_E_S_...
2026-01-15T20:06:02.585Z	system	set	L_I_C_...
2026-01-15T20:06:02.609Z	system	switch	...
2026-01-15T20:06:02.618Z	system	list	A_L_L_...
2026-01-15T20:06:02.641Z	system	switch	...
2026-01-15T20:06:02.647Z	system	list	A_L_L_...
2026-01-15T20:06:26.497Z	system	set	R_P_C_...
2026-01-15T20:06:26.523Z	system	switch	...
2026-01-15T20:06:26.534Z	system	list	A_L_L_...
2026-01-15T20:06:26.558Z	system	switch	...
2026-01-15T20:06:26.566Z	system	list	A_L_L_...
2026-01-15T20:06:31.555Z	system	get	S_A_F_...
2026-01-15T20:07:15.297Z	system	get	S_A_F_...
2026-01-15T20:07:17.129Z	system	get	S_A_F_...
2026-01-16T08:36:24.298Z	system	switch	...
2026-01-16T08:36:24.311Z	system	list	A_L_L_...
2026-01-16T08:49:26.956Z	system	get	S_A_F_...
2026-01-16T08:49:26.961Z	system	get	S_A_F_...
2026-01-16T08:50:42.550Z	system	get	S_A_F_...
2026-01-16T08:50:43.762Z	system	list	A_L_L_...
2026-01-16T08:50:44.514Z	system	get	S_A_F_...
2026-01-16T08:50:46.493Z	system	list	A_L_L_...
2026-01-16T08:50:52.908Z	system	get	S_A_F_...
2026-01-16T08:50:54.806Z	system	list	A_L_L_...
2026-01-16T08:51:00.686Z	system	delete	T_E_S_...
2026-01-16T08:51:00.714Z	system	switch	...
2026-01-16T08:51:00.721Z	system	list	A_L_L_...
2026-01-16T08:51:00.746Z	system	switch	...
2026-01-16T08:51:00.755Z	system	list	A_L_L_...
2026-01-16T08:51:22.184Z	system	get	S_A_F_...
2026-01-16T08:51:40.069Z	system	get	S_A_F_...
2026-01-16T08:54:39.914Z	system	get	S_A_F_...
2026-01-16T08:54:39.914Z	system	get	S_A_F_...
2026-01-16T08:54:44.576Z	system	list	A_L_L_...
2026-01-16T08:55:46.356Z	system	get	S_A_F_...
2026-01-16T08:55:49.772Z	system	list	A_L_L_...
2026-01-16T08:56:51.350Z	system	list	A_L_L_...
2026-01-16T08:57:39.796Z	system	get	S_A_F_...
2026-01-16T08:57:39.797Z	system	get	S_A_F_...
2026-01-16T08:58:18.205Z	system	list	A_L_L_...
2026-01-16T08:59:39.448Z	system	set	R_P_C_...
2026-01-16T08:59:39.475Z	system	switch	...
2026-01-16T08:59:39.483Z	system	list	A_L_L_...
2026-01-16T08:59:39.508Z	system	switch	...
2026-01-16T08:59:39.518Z	system	list	A_L_L_...
2026-01-16T09:25:41.791Z	system	switch	...
2026-01-16T09:25:41.793Z	system	switch	...
2026-01-16T09:25:41.793Z	system	switch	...
2026-01-16T09:25:41.793Z	system	switch	...
2026-01-16T09:25:41.814Z	system	list	A_L_L_...
2026-01-16T09:25:41.820Z	system	get	R_P_C_...
2026-01-16T09:25:41.820Z	system	get	R_P_C_...
2026-01-16T09:25:41.830Z	system	get	R_P_C_...
2026-01-16T09:25:52.649Z	system	get	R_P_C_...
2026-01-16T09:25:52.650Z	system	get	R_P_C_...
2026-01-16T09:25:52.651Z	system	get	R_P_C_...
2026-01-16T09:25:52.651Z	system	get	R_P_C_...
2026-01-16T09:25:52.658Z	system	get	R_P_C_...
2026-01-16T09:26:34.722Z	system	list	A_L_L_...
2026-01-16T09:26:35.982Z	system	get	S_A_F_...
2026-02-05T04:37:22.062Z	system	switch	...
2026-02-05T04:37:22.062Z	system	switch	...
2026-02-05T04:37:22.063Z	system	switch	...
2026-02-05T04:37:22.073Z	system	get	R_P_C_...
2026-02-05T04:37:22.073Z	system	list	A_L_L_...
2026-02-05T04:37:22.077Z	system	get	R_P_C_...
2026-02-05T04:43:37.175Z	system	get	R_P_C_...
2026-02-05T04:44:23.911Z	system	get	R_P_C_...
2026-02-05T04:46:35.389Z	system	get	R_P_C_...
2026-02-05T04:47:04.039Z	system	get	R_P_C_...
2026-02-05T04:48:58.171Z	system	get	S_A_F_...
2026-02-05T04:48:58.278Z	system	get	S_A_F_...
2026-02-05T04:52:53.433Z	system	get	R_P_C_...
2026-02-05T04:52:53.433Z	system	get	R_P_C_...
2026-02-05T04:52:53.434Z	system	get	R_P_C_...
2026-02-05T04:52:53.434Z	system	get	R_P_C_...
2026-02-05T04:52:53.435Z	system	get	R_P_C_...
2026-02-05T05:32:31.205Z	system	get	R_P_C_...
2026-02-05T05:32:31.205Z	system	get	R_P_C_...
2026-02-05T05:32:31.208Z	system	list	A_L_L_...
2026-02-05T05:32:41.094Z	system	get	S_A_F_...
2026-02-05T08:24:46.685Z	system	switch	...
2026-02-05T08:24:46.685Z	system	switch	...
2026-02-05T08:24:46.686Z	system	switch	...
2026-02-05T08:24:46.693Z	system	list	A_L_L_...
2026-02-05T08:24:46.695Z	system	get	R_P_C_...
2026-02-05T08:24:46.698Z	system	get	R_P_C_...
2026-02-05T08:25:28.373Z	system	get	S_A_F_...
2026-02-05T08:25:28.461Z	system	get	S_A_F_...
2026-02-05T08:25:42.330Z	system	get	S_A_F_...
2026-02-05T08:25:42.633Z	system	get	S_A_F_...
2026-02-05T08:25:45.165Z	system	get	S_A_F_...
2026-02-05T08:25:48.250Z	system	get	S_A_F_...
2026-02-05T08:26:26.950Z	system	get	R_P_C_...
2026-02-05T08:26:37.637Z	system	get	S_A_F_...
2026-02-05T08:28:00.875Z	system	get	R_P_C_...
2026-02-05T08:28:00.875Z	system	get	R_P_C_...
2026-02-05T08:28:00.875Z	system	get	R_P_C_...
2026-02-05T08:29:16.367Z	system	get	R_P_C_...
2026-02-05T08:29:16.367Z	system	get	R_P_C_...
2026-02-05T08:29:16.367Z	system	get	R_P_C_...
2026-02-05T08:29:32.288Z	system	list	A_L_L_...
2026-02-05T08:29:59.441Z	system	get	S_A_F_...
2026-02-05T08:32:05.571Z	system	list	A_L_L_...
2026-02-05T08:48:53.895Z	system	get	R_P_C_...
2026-02-05T08:50:19.396Z	system	get	S_A_F_...
2026-02-05T08:52:37.698Z	system	get	R_P_C_...
2026-02-05T08:52:37.701Z	system	list	A_L_L_...
2026-02-05T08:52:38.801Z	system	get	R_P_C_...
2026-02-05T08:52:38.804Z	system	list	A_L_L_...
2026-02-05T08:52:38.983Z	system	get	R_P_C_...
2026-02-05T08:52:38.986Z	system	list	A_L_L_...
2026-02-05T08:52:47.777Z	system	set	S_A_F_...
2026-02-05T10:32:16.111Z	system	get	S_A_F_...
2026-02-05T11:18:09.429Z	system	list	A_L_L_...
2026-02-05T11:18:12.543Z	system	switch	...
2026-02-05T11:18:12.546Z	system	list	A_L_L_...
2026-02-05T11:18:13.241Z	system	switch	...
2026-02-05T11:18:13.245Z	system	list	A_L_L_...
2026-02-05T11:18:42.407Z	system	get	S_A_F_...
2026-02-05T11:19:20.251Z	system	list	A_L_L_...
2026-02-05T11:21:56.690Z	system	get	R_P_C_...
2026-02-05T11:21:56.690Z	system	get	R_P_C_...
2026-02-05T11:21:56.691Z	system	get	R_P_C_...
2026-02-05T11:21:56.692Z	system	get	R_P_C_...
